
*** Running vivado
    with args -log pwm_led.vds -m64 -product Vivado -mode batch -messageDb vivado.pb -notrace -source pwm_led.tcl



****** Vivado v2021.2 (64-bit)
  **** SW Build 3367213 on Tue Oct 19 02:48:09 MDT 2021
  **** IP Build 3369179 on Thu Oct 21 08:25:16 MDT 2021
    ** Copyright 1986-2021 Xilinx, Inc. All Rights Reserved.

source pwm_led.tcl -notrace
Command: read_checkpoint -auto_incremental -incremental E:/Anu3/SSC/pwm_test/pwm_test.srcs/utils_1/imports/synth_1/pwm_led.dcp
INFO: [Vivado 12-5825] Read reference checkpoint from E:/Anu3/SSC/pwm_test/pwm_test.srcs/utils_1/imports/synth_1/pwm_led.dcp for incremental synthesis
INFO: [Vivado 12-7989] Please ensure there are no constraint changes
Command: synth_design -top pwm_led -part xc7a35tcpg236-1
Starting synth_design
Attempting to get a license for feature 'Synthesis' and/or device 'xc7a35t'
INFO: [Common 17-349] Got license for feature 'Synthesis' and/or device 'xc7a35t'
INFO: [Device 21-403] Loading part xc7a35tcpg236-1
WARNING: [Designutils 20-4072] Reference run did not run incremental synthesis because the design is too small; reverting to default synthesis
INFO: [Designutils 20-4379] Flow is switching to default flow due to incremental criteria not met. If you would like to alter this behaviour and have the flow terminate instead, please set the following parameter config_implementation {autoIncr.Synth.RejectBehavior Terminate}
INFO: [Synth 8-7079] Multithreading enabled for synth_design using a maximum of 2 processes.
INFO: [Synth 8-7078] Launching helper process for spawning children vivado processes
INFO: [Synth 8-7075] Helper process launched with PID 18328
---------------------------------------------------------------------------------
Starting RTL Elaboration : Time (s): cpu = 00:00:03 ; elapsed = 00:00:04 . Memory (MB): peak = 1251.738 ; gain = 0.000
---------------------------------------------------------------------------------
WARNING: [Synth 8-1565] actual for formal port d2 is neither a static name nor a globally static expression [E:/Anu3/SSC/pwm_test/pwm_test.srcs/sources_1/imports/src/pwm_led.vhd:80]
WARNING: [Synth 8-1565] actual for formal port d3 is neither a static name nor a globally static expression [E:/Anu3/SSC/pwm_test/pwm_test.srcs/sources_1/imports/src/pwm_led.vhd:81]
INFO: [Synth 8-638] synthesizing module 'pwm_led' [E:/Anu3/SSC/pwm_test/pwm_test.srcs/sources_1/imports/src/pwm_led.vhd:33]
INFO: [Synth 8-638] synthesizing module 'debounce' [E:/Anu3/SSC/pwm_test/pwm_test.srcs/sources_1/imports/new/debounce.vhd:43]
INFO: [Synth 8-256] done synthesizing module 'debounce' (1#1) [E:/Anu3/SSC/pwm_test/pwm_test.srcs/sources_1/imports/new/debounce.vhd:43]
WARNING: [Synth 8-614] signal 'filtered' is read in the process but is not in the sensitivity list [E:/Anu3/SSC/pwm_test/pwm_test.srcs/sources_1/imports/src/pwm_led.vhd:70]
INFO: [Synth 8-638] synthesizing module 'SSD' [E:/Anu3/SSC/pwm_test/pwm_test.srcs/sources_1/imports/new/SSD.vhd:43]
WARNING: [Synth 8-614] signal 'd0' is read in the process but is not in the sensitivity list [E:/Anu3/SSC/pwm_test/pwm_test.srcs/sources_1/imports/new/SSD.vhd:60]
WARNING: [Synth 8-614] signal 'd1' is read in the process but is not in the sensitivity list [E:/Anu3/SSC/pwm_test/pwm_test.srcs/sources_1/imports/new/SSD.vhd:60]
WARNING: [Synth 8-614] signal 'd2' is read in the process but is not in the sensitivity list [E:/Anu3/SSC/pwm_test/pwm_test.srcs/sources_1/imports/new/SSD.vhd:60]
WARNING: [Synth 8-614] signal 'd3' is read in the process but is not in the sensitivity list [E:/Anu3/SSC/pwm_test/pwm_test.srcs/sources_1/imports/new/SSD.vhd:60]
INFO: [Synth 8-256] done synthesizing module 'SSD' (2#1) [E:/Anu3/SSC/pwm_test/pwm_test.srcs/sources_1/imports/new/SSD.vhd:43]
INFO: [Synth 8-638] synthesizing module 'HexToPercentage' [E:/Anu3/SSC/pwm_test/pwm_test.srcs/sources_1/new/HexToPercentage.vhd:42]
INFO: [Synth 8-256] done synthesizing module 'HexToPercentage' (3#1) [E:/Anu3/SSC/pwm_test/pwm_test.srcs/sources_1/new/HexToPercentage.vhd:42]
INFO: [Synth 8-638] synthesizing module 'pwm' [E:/Anu3/SSC/pwm_test/pwm_test.srcs/sources_1/imports/src/pwm.vhd:27]
	Parameter pwm_bits bound to: 8 - type: integer 
	Parameter clk_cnt_len bound to: 100 - type: integer 
INFO: [Synth 8-256] done synthesizing module 'pwm' (4#1) [E:/Anu3/SSC/pwm_test/pwm_test.srcs/sources_1/imports/src/pwm.vhd:27]
INFO: [Synth 8-638] synthesizing module 'counter' [E:/Anu3/SSC/pwm_test/pwm_test.srcs/sources_1/imports/src/counter.vhd:19]
	Parameter counter_bits bound to: 28 - type: integer 
INFO: [Synth 8-256] done synthesizing module 'counter' (5#1) [E:/Anu3/SSC/pwm_test/pwm_test.srcs/sources_1/imports/src/counter.vhd:19]
INFO: [Synth 8-638] synthesizing module 'sine_rom' [E:/Anu3/SSC/pwm_test/pwm_test.srcs/sources_1/imports/src/sine_rom.vhd:19]
	Parameter addr_bits bound to: 8 - type: integer 
	Parameter data_bits bound to: 8 - type: integer 
INFO: [Synth 8-256] done synthesizing module 'sine_rom' (6#1) [E:/Anu3/SSC/pwm_test/pwm_test.srcs/sources_1/imports/src/sine_rom.vhd:19]
WARNING: [Synth 8-3848] Net pwm_out in module/entity pwm_led does not have driver. [E:/Anu3/SSC/pwm_test/pwm_test.srcs/sources_1/imports/src/pwm_led.vhd:37]
INFO: [Synth 8-256] done synthesizing module 'pwm_led' (7#1) [E:/Anu3/SSC/pwm_test/pwm_test.srcs/sources_1/imports/src/pwm_led.vhd:33]
---------------------------------------------------------------------------------
Finished RTL Elaboration : Time (s): cpu = 00:00:05 ; elapsed = 00:00:06 . Memory (MB): peak = 1251.738 ; gain = 0.000
---------------------------------------------------------------------------------
---------------------------------------------------------------------------------
Start Handling Custom Attributes
---------------------------------------------------------------------------------
---------------------------------------------------------------------------------
Finished Handling Custom Attributes : Time (s): cpu = 00:00:05 ; elapsed = 00:00:06 . Memory (MB): peak = 1251.738 ; gain = 0.000
---------------------------------------------------------------------------------
---------------------------------------------------------------------------------
Finished RTL Optimization Phase 1 : Time (s): cpu = 00:00:05 ; elapsed = 00:00:06 . Memory (MB): peak = 1251.738 ; gain = 0.000
---------------------------------------------------------------------------------
Netlist sorting complete. Time (s): cpu = 00:00:00 ; elapsed = 00:00:00.008 . Memory (MB): peak = 1251.738 ; gain = 0.000
INFO: [Project 1-570] Preparing netlist for logic optimization

Processing XDC Constraints
Initializing timing engine
Parsing XDC File [E:/Anu3/SSC/pwm_test/pwm_test.srcs/constrs_1/imports/AC/Basys3_test_env.xdc]
Finished Parsing XDC File [E:/Anu3/SSC/pwm_test/pwm_test.srcs/constrs_1/imports/AC/Basys3_test_env.xdc]
INFO: [Project 1-236] Implementation specific constraints were found while reading constraint file [E:/Anu3/SSC/pwm_test/pwm_test.srcs/constrs_1/imports/AC/Basys3_test_env.xdc]. These constraints will be ignored for synthesis but will be used in implementation. Impacted constraints are listed in the file [.Xil/pwm_led_propImpl.xdc].
Resolution: To avoid this warning, move constraints listed in [.Xil/pwm_led_propImpl.xdc] to another XDC file and exclude this new file from synthesis with the used_in_synthesis property (File Properties dialog in GUI) and re-run elaboration/synthesis.
Completed Processing XDC Constraints

Netlist sorting complete. Time (s): cpu = 00:00:00 ; elapsed = 00:00:00 . Memory (MB): peak = 1251.738 ; gain = 0.000
INFO: [Project 1-111] Unisim Transformation Summary:
No Unisim elements were transformed.

Constraint Validation Runtime : Time (s): cpu = 00:00:00 ; elapsed = 00:00:00.004 . Memory (MB): peak = 1251.738 ; gain = 0.000
WARNING: [Designutils 20-4072] Reference run did not run incremental synthesis because the design is too small; reverting to default synthesis
INFO: [Designutils 20-4379] Flow is switching to default flow due to incremental criteria not met. If you would like to alter this behaviour and have the flow terminate instead, please set the following parameter config_implementation {autoIncr.Synth.RejectBehavior Terminate}
---------------------------------------------------------------------------------
Finished Constraint Validation : Time (s): cpu = 00:00:12 ; elapsed = 00:00:14 . Memory (MB): peak = 1251.738 ; gain = 0.000
---------------------------------------------------------------------------------
---------------------------------------------------------------------------------
Start Loading Part and Timing Information
---------------------------------------------------------------------------------
Loading part: xc7a35tcpg236-1
---------------------------------------------------------------------------------
Finished Loading Part and Timing Information : Time (s): cpu = 00:00:12 ; elapsed = 00:00:14 . Memory (MB): peak = 1251.738 ; gain = 0.000
---------------------------------------------------------------------------------
---------------------------------------------------------------------------------
Start Applying 'set_property' XDC Constraints
---------------------------------------------------------------------------------
---------------------------------------------------------------------------------
Finished applying 'set_property' XDC Constraints : Time (s): cpu = 00:00:12 ; elapsed = 00:00:14 . Memory (MB): peak = 1251.738 ; gain = 0.000
---------------------------------------------------------------------------------
---------------------------------------------------------------------------------
Finished RTL Optimization Phase 2 : Time (s): cpu = 00:00:13 ; elapsed = 00:00:14 . Memory (MB): peak = 1251.738 ; gain = 0.000
---------------------------------------------------------------------------------
---------------------------------------------------------------------------------
Start RTL Component Statistics 
---------------------------------------------------------------------------------
Detailed RTL Component Info : 
+---Adders : 
	   2 Input    8 Bit       Adders := 32    
	   2 Input    7 Bit       Adders := 1     
+---Registers : 
	               16 Bit    Registers := 1     
	                8 Bit    Registers := 34    
	                7 Bit    Registers := 1     
	                1 Bit    Registers := 4     
+---ROMs : 
	                    ROMs := 1     
+---Muxes : 
	   2 Input   16 Bit        Muxes := 5     
	   2 Input    8 Bit        Muxes := 19    
	   4 Input    4 Bit        Muxes := 2     
	   2 Input    4 Bit        Muxes := 2     
	   2 Input    1 Bit        Muxes := 33    
---------------------------------------------------------------------------------
Finished RTL Component Statistics 
---------------------------------------------------------------------------------
---------------------------------------------------------------------------------
Start Part Resource Summary
---------------------------------------------------------------------------------
Part Resources:
DSPs: 90 (col length:60)
BRAMs: 100 (col length: RAMB18 60 RAMB36 30)
---------------------------------------------------------------------------------
Finished Part Resource Summary
---------------------------------------------------------------------------------
---------------------------------------------------------------------------------
Start Cross Boundary and Area Optimization
---------------------------------------------------------------------------------
WARNING: [Synth 8-7080] Parallel synthesis criteria is not met
---------------------------------------------------------------------------------
Finished Cross Boundary and Area Optimization : Time (s): cpu = 00:00:17 ; elapsed = 00:00:19 . Memory (MB): peak = 1251.738 ; gain = 0.000
---------------------------------------------------------------------------------
---------------------------------------------------------------------------------
Start ROM, RAM, DSP, Shift Register and Retiming Reporting
---------------------------------------------------------------------------------

ROM: Preliminary Mapping Report
+------------+-----------------+---------------+----------------+
|Module Name | RTL Object      | Depth x Width | Implemented As | 
+------------+-----------------+---------------+----------------+
|pwm_led     | SINE_ROM/rom[0] | 256x8         | Block RAM      | 
+------------+-----------------+---------------+----------------+

---------------------------------------------------------------------------------
Finished ROM, RAM, DSP, Shift Register and Retiming Reporting
---------------------------------------------------------------------------------
---------------------------------------------------------------------------------
Start Applying XDC Timing Constraints
---------------------------------------------------------------------------------
---------------------------------------------------------------------------------
Finished Applying XDC Timing Constraints : Time (s): cpu = 00:00:21 ; elapsed = 00:00:23 . Memory (MB): peak = 1251.738 ; gain = 0.000
---------------------------------------------------------------------------------
---------------------------------------------------------------------------------
Start Timing Optimization
---------------------------------------------------------------------------------
---------------------------------------------------------------------------------
Finished Timing Optimization : Time (s): cpu = 00:00:21 ; elapsed = 00:00:23 . Memory (MB): peak = 1251.738 ; gain = 0.000
---------------------------------------------------------------------------------
---------------------------------------------------------------------------------
Start Technology Mapping
---------------------------------------------------------------------------------
---------------------------------------------------------------------------------
Finished Technology Mapping : Time (s): cpu = 00:00:21 ; elapsed = 00:00:23 . Memory (MB): peak = 1251.738 ; gain = 0.000
---------------------------------------------------------------------------------
---------------------------------------------------------------------------------
Start IO Insertion
---------------------------------------------------------------------------------
---------------------------------------------------------------------------------
Start Flattening Before IO Insertion
---------------------------------------------------------------------------------
---------------------------------------------------------------------------------
Finished Flattening Before IO Insertion
---------------------------------------------------------------------------------
---------------------------------------------------------------------------------
Start Final Netlist Cleanup
---------------------------------------------------------------------------------
---------------------------------------------------------------------------------
Finished Final Netlist Cleanup
---------------------------------------------------------------------------------
---------------------------------------------------------------------------------
Finished IO Insertion : Time (s): cpu = 00:00:25 ; elapsed = 00:00:27 . Memory (MB): peak = 1251.738 ; gain = 0.000
---------------------------------------------------------------------------------
---------------------------------------------------------------------------------
Start Renaming Generated Instances
---------------------------------------------------------------------------------
---------------------------------------------------------------------------------
Finished Renaming Generated Instances : Time (s): cpu = 00:00:25 ; elapsed = 00:00:27 . Memory (MB): peak = 1251.738 ; gain = 0.000
---------------------------------------------------------------------------------
---------------------------------------------------------------------------------
Start Rebuilding User Hierarchy
---------------------------------------------------------------------------------
---------------------------------------------------------------------------------
Finished Rebuilding User Hierarchy : Time (s): cpu = 00:00:25 ; elapsed = 00:00:27 . Memory (MB): peak = 1251.738 ; gain = 0.000
---------------------------------------------------------------------------------
---------------------------------------------------------------------------------
Start Renaming Generated Ports
---------------------------------------------------------------------------------
---------------------------------------------------------------------------------
Finished Renaming Generated Ports : Time (s): cpu = 00:00:25 ; elapsed = 00:00:27 . Memory (MB): peak = 1251.738 ; gain = 0.000
---------------------------------------------------------------------------------
---------------------------------------------------------------------------------
Start Handling Custom Attributes
---------------------------------------------------------------------------------
---------------------------------------------------------------------------------
Finished Handling Custom Attributes : Time (s): cpu = 00:00:25 ; elapsed = 00:00:27 . Memory (MB): peak = 1251.738 ; gain = 0.000
---------------------------------------------------------------------------------
---------------------------------------------------------------------------------
Start Renaming Generated Nets
---------------------------------------------------------------------------------
---------------------------------------------------------------------------------
Finished Renaming Generated Nets : Time (s): cpu = 00:00:25 ; elapsed = 00:00:27 . Memory (MB): peak = 1251.738 ; gain = 0.000
---------------------------------------------------------------------------------
---------------------------------------------------------------------------------
Start Writing Synthesis Report
---------------------------------------------------------------------------------

Report BlackBoxes: 
+-+--------------+----------+
| |BlackBox name |Instances |
+-+--------------+----------+
+-+--------------+----------+

Report Cell Usage: 
+------+---------+------+
|      |Cell     |Count |
+------+---------+------+
|1     |BUFG     |     1|
|2     |CARRY4   |    52|
|3     |LUT1     |    28|
|4     |LUT2     |    86|
|5     |LUT3     |    65|
|6     |LUT4     |   255|
|7     |LUT5     |    77|
|8     |LUT6     |    87|
|9     |RAMB18E1 |     1|
|10    |FDRE     |   319|
|11    |FDSE     |    16|
|12    |IBUF     |    12|
|13    |OBUF     |    27|
+------+---------+------+
---------------------------------------------------------------------------------
Finished Writing Synthesis Report : Time (s): cpu = 00:00:25 ; elapsed = 00:00:27 . Memory (MB): peak = 1251.738 ; gain = 0.000
---------------------------------------------------------------------------------
Synthesis finished with 0 errors, 0 critical warnings and 1 warnings.
Synthesis Optimization Runtime : Time (s): cpu = 00:00:18 ; elapsed = 00:00:25 . Memory (MB): peak = 1251.738 ; gain = 0.000
Synthesis Optimization Complete : Time (s): cpu = 00:00:25 ; elapsed = 00:00:27 . Memory (MB): peak = 1251.738 ; gain = 0.000
INFO: [Project 1-571] Translating synthesized netlist
Netlist sorting complete. Time (s): cpu = 00:00:00 ; elapsed = 00:00:00.011 . Memory (MB): peak = 1251.738 ; gain = 0.000
INFO: [Netlist 29-17] Analyzing 53 Unisim elements for replacement
INFO: [Netlist 29-28] Unisim Transformation completed in 0 CPU seconds
INFO: [Project 1-570] Preparing netlist for logic optimization
INFO: [Opt 31-138] Pushed 0 inverter(s) to 0 load pin(s).
Netlist sorting complete. Time (s): cpu = 00:00:00 ; elapsed = 00:00:00 . Memory (MB): peak = 1251.738 ; gain = 0.000
INFO: [Project 1-111] Unisim Transformation Summary:
No Unisim elements were transformed.

Synth Design complete, checksum: d2fbd898
INFO: [Common 17-83] Releasing license: Synthesis
33 Infos, 11 Warnings, 0 Critical Warnings and 0 Errors encountered.
synth_design completed successfully
synth_design: Time (s): cpu = 00:00:29 ; elapsed = 00:00:36 . Memory (MB): peak = 1251.738 ; gain = 0.000
INFO: [Common 17-1381] The checkpoint 'E:/Anu3/SSC/pwm_test/pwm_test.runs/synth_1/pwm_led.dcp' has been generated.
INFO: [runtcl-4] Executing : report_utilization -file pwm_led_utilization_synth.rpt -pb pwm_led_utilization_synth.pb
INFO: [Common 17-206] Exiting Vivado at Mon Jan  8 15:35:40 2024...
