Vivado Simulator v2021.2
Copyright 1986-1999, 2001-2021 Xilinx, Inc. All Rights Reserved.
Running: D:/Vivado/2021.2/bin/unwrapped/win64.o/xelab.exe --incr --debug typical --relax --mt 2 -L xil_defaultlib -L secureip --snapshot pwm_led_tb_behav xil_defaultlib.pwm_led_tb -log elaborate.log 
Using 2 slave threads.
Starting static elaboration
Completed static elaboration
Starting simulation data flow analysis
Completed simulation data flow analysis
Time Resolution for simulation is 1ps
Compiling package std.standard
Compiling package std.textio
Compiling package ieee.std_logic_1164
Compiling package ieee.numeric_std
Compiling package std.env
Compiling package ieee.std_logic_arith
Compiling package ieee.std_logic_unsigned
Compiling package ieee.math_real
Compiling architecture behavioral of entity xil_defaultlib.debounce [debounce_default]
Compiling architecture behavioral of entity xil_defaultlib.SSD [ssd_default]
Compiling architecture behavioral of entity xil_defaultlib.HexToPercentage [hextopercentage_default]
Compiling architecture rtl of entity xil_defaultlib.pwm [\pwm(pwm_bits=8,clk_cnt_len=1)\]
Compiling architecture rtl of entity xil_defaultlib.counter [\counter(counter_bits=16)\]
Compiling architecture rtl of entity xil_defaultlib.sine_rom [\sine_rom(addr_bits=8,data_bits=...]
Compiling architecture str of entity xil_defaultlib.pwm_led [\pwm_led(cnt_bits=16,clk_cnt_len...]
Compiling architecture sim of entity xil_defaultlib.pwm_led_tb
Built simulation snapshot pwm_led_tb_behav
